[debug] [2022-03-20T16:07:51.235Z] ----------------------------------------------------------------------
[debug] [2022-03-20T16:07:51.236Z] Command:       /usr/local/lib/node_modules/firebase-tools/lib/bin/firebase.js /Users/krzysztofduda/.cache/firebase/tools/lib/node_modules/firebase-tools/lib/bin/firebase deploy
[debug] [2022-03-20T16:07:51.236Z] CLI Version:   10.1.2
[debug] [2022-03-20T16:07:51.236Z] Platform:      darwin
[debug] [2022-03-20T16:07:51.236Z] Node Version:  v12.18.1
[debug] [2022-03-20T16:07:51.238Z] Time:          Sun Mar 20 2022 17:07:51 GMT+0100 (Central European Standard Time)
[debug] [2022-03-20T16:07:51.238Z] ----------------------------------------------------------------------
[debug] 
[debug] [2022-03-20T16:07:51.243Z] >>> [apiv2][query] GET https://firebase-public.firebaseio.com/cli.json [none]
[debug] [2022-03-20T16:07:51.297Z] > command requires scopes: ["email","openid","https://www.googleapis.com/auth/cloudplatformprojects.readonly","https://www.googleapis.com/auth/firebase","https://www.googleapis.com/auth/cloud-platform"]
[debug] [2022-03-20T16:07:51.297Z] > authorizing via signed-in user (halidu13@gmail.com)
[debug] [2022-03-20T16:07:51.297Z] [iam] checking project socialmediaapp-758f7 for permissions ["datastore.indexes.create","datastore.indexes.delete","datastore.indexes.list","datastore.indexes.update","firebase.projects.get","firebasehosting.sites.update","firebaserules.releases.create","firebaserules.releases.update","firebaserules.rulesets.create"]
[debug] [2022-03-20T16:07:51.299Z] > refreshing access token with scopes: ["email","https://www.googleapis.com/auth/cloud-platform","https://www.googleapis.com/auth/cloudplatformprojects.readonly","https://www.googleapis.com/auth/firebase","openid"]
[debug] [2022-03-20T16:07:51.299Z] >>> HTTP REQUEST POST https://www.googleapis.com/oauth2/v3/token  
 <request body omitted>
[debug] [2022-03-20T16:07:51.408Z] <<< HTTP RESPONSE 200 {"cache-control":"no-cache, no-store, max-age=0, must-revalidate","pragma":"no-cache","date":"Sun, 20 Mar 2022 16:07:51 GMT","expires":"Mon, 01 Jan 1990 00:00:00 GMT","content-type":"application/json; charset=utf-8","vary":"X-Origin, Referer, Origin,Accept-Encoding","server":"scaffolding on HTTPServer2","x-xss-protection":"0","x-frame-options":"SAMEORIGIN","x-content-type-options":"nosniff","alt-svc":"h3=\":443\"; ma=2592000,h3-29=\":443\"; ma=2592000,h3-Q050=\":443\"; ma=2592000,h3-Q046=\":443\"; ma=2592000,h3-Q043=\":443\"; ma=2592000,quic=\":443\"; ma=2592000; v=\"46,43\"","accept-ranges":"none","transfer-encoding":"chunked"}
[debug] [2022-03-20T16:07:51.454Z] >>> HTTP REQUEST POST https://cloudresourcemanager.googleapis.com/v1/projects/socialmediaapp-758f7:testIamPermissions  
 {"permissions":["datastore.indexes.create","datastore.indexes.delete","datastore.indexes.list","datastore.indexes.update","firebase.projects.get","firebasehosting.sites.update","firebaserules.releases.create","firebaserules.releases.update","firebaserules.rulesets.create"]}
[debug] [2022-03-20T16:07:51.737Z] <<< [apiv2][status] GET https://firebase-public.firebaseio.com/cli.json 200
[debug] [2022-03-20T16:07:51.738Z] <<< [apiv2][body] GET https://firebase-public.firebaseio.com/cli.json {"cloudBuildErrorAfter":1594252800000,"cloudBuildWarnAfter":1590019200000,"defaultNode10After":1594252800000,"minVersion":"3.0.5","node8DeploysDisabledAfter":1613390400000,"node8RuntimeDisabledAfter":1615809600000,"node8WarnAfter":1600128000000}
[debug] [2022-03-20T16:07:52.257Z] <<< HTTP RESPONSE 200 {"content-type":"application/json; charset=UTF-8","vary":"X-Origin, Referer, Origin,Accept-Encoding","date":"Sun, 20 Mar 2022 16:07:52 GMT","server":"ESF","cache-control":"private","x-xss-protection":"0","x-frame-options":"SAMEORIGIN","x-content-type-options":"nosniff","server-timing":"gfet4t7; dur=688","alt-svc":"h3=\":443\"; ma=2592000,h3-29=\":443\"; ma=2592000,h3-Q050=\":443\"; ma=2592000,h3-Q046=\":443\"; ma=2592000,h3-Q043=\":443\"; ma=2592000,quic=\":443\"; ma=2592000; v=\"46,43\"","accept-ranges":"none","transfer-encoding":"chunked"}
[debug] [2022-03-20T16:07:52.260Z] > refreshing access token with scopes: []
[debug] [2022-03-20T16:07:52.260Z] >>> HTTP REQUEST POST https://www.googleapis.com/oauth2/v3/token  
 <request body omitted>
[debug] [2022-03-20T16:07:52.361Z] <<< HTTP RESPONSE 200 {"expires":"Mon, 01 Jan 1990 00:00:00 GMT","pragma":"no-cache","cache-control":"no-cache, no-store, max-age=0, must-revalidate","date":"Sun, 20 Mar 2022 16:07:52 GMT","content-type":"application/json; charset=utf-8","vary":"X-Origin, Referer, Origin,Accept-Encoding","server":"scaffolding on HTTPServer2","x-xss-protection":"0","x-frame-options":"SAMEORIGIN","x-content-type-options":"nosniff","alt-svc":"h3=\":443\"; ma=2592000,h3-29=\":443\"; ma=2592000,h3-Q050=\":443\"; ma=2592000,h3-Q046=\":443\"; ma=2592000,h3-Q043=\":443\"; ma=2592000,quic=\":443\"; ma=2592000; v=\"46,43\"","accept-ranges":"none","transfer-encoding":"chunked"}
[debug] [2022-03-20T16:07:52.406Z] >>> [apiv2][query] GET https://firebase.googleapis.com/v1beta1/projects/socialmediaapp-758f7 [none]
[debug] [2022-03-20T16:07:52.715Z] <<< [apiv2][status] GET https://firebase.googleapis.com/v1beta1/projects/socialmediaapp-758f7 200
[debug] [2022-03-20T16:07:52.716Z] <<< [apiv2][body] GET https://firebase.googleapis.com/v1beta1/projects/socialmediaapp-758f7 {"projectId":"socialmediaapp-758f7","projectNumber":"629836977165","displayName":"SocialMediaApp","name":"projects/socialmediaapp-758f7","resources":{"hostingSite":"socialmediaapp-758f7","realtimeDatabaseInstance":"socialmediaapp-758f7-default-rtdb","storageBucket":"socialmediaapp-758f7.appspot.com","locationId":"europe-west"},"state":"ACTIVE"}
[info] 
[info] === Deploying to 'socialmediaapp-758f7'...
[info] 
[info] i  deploying storage, firestore, hosting 
[debug] [2022-03-20T16:07:52.722Z] > refreshing access token with scopes: ["email","https://www.googleapis.com/auth/cloud-platform","https://www.googleapis.com/auth/cloudplatformprojects.readonly","https://www.googleapis.com/auth/firebase","openid"]
[debug] [2022-03-20T16:07:52.722Z] >>> HTTP REQUEST POST https://www.googleapis.com/oauth2/v3/token  
 <request body omitted>
[debug] [2022-03-20T16:07:52.832Z] <<< HTTP RESPONSE 200 {"expires":"Mon, 01 Jan 1990 00:00:00 GMT","cache-control":"no-cache, no-store, max-age=0, must-revalidate","pragma":"no-cache","date":"Sun, 20 Mar 2022 16:07:52 GMT","content-type":"application/json; charset=utf-8","vary":"X-Origin, Referer, Origin,Accept-Encoding","server":"scaffolding on HTTPServer2","x-xss-protection":"0","x-frame-options":"SAMEORIGIN","x-content-type-options":"nosniff","alt-svc":"h3=\":443\"; ma=2592000,h3-29=\":443\"; ma=2592000,h3-Q050=\":443\"; ma=2592000,h3-Q046=\":443\"; ma=2592000,h3-Q043=\":443\"; ma=2592000,quic=\":443\"; ma=2592000; v=\"46,43\"","accept-ranges":"none","transfer-encoding":"chunked"}
[debug] [2022-03-20T16:07:52.870Z] >>> HTTP REQUEST GET https://appengine.googleapis.com/v1/apps/socialmediaapp-758f7  
 
[debug] [2022-03-20T16:07:53.101Z] <<< HTTP RESPONSE 200 {"content-type":"application/json; charset=UTF-8","vary":"X-Origin, Referer, Origin,Accept-Encoding","date":"Sun, 20 Mar 2022 16:07:53 GMT","server":"ESF","cache-control":"private","x-xss-protection":"0","x-frame-options":"SAMEORIGIN","x-content-type-options":"nosniff","alt-svc":"h3=\":443\"; ma=2592000,h3-29=\":443\"; ma=2592000,h3-Q050=\":443\"; ma=2592000,h3-Q046=\":443\"; ma=2592000,h3-Q043=\":443\"; ma=2592000,quic=\":443\"; ma=2592000; v=\"46,43\"","accept-ranges":"none","transfer-encoding":"chunked"}
[info] i  firebase.storage: checking storage.rules for compilation errors... 
[debug] [2022-03-20T16:07:53.103Z] > refreshing access token with scopes: []
[debug] [2022-03-20T16:07:53.103Z] >>> HTTP REQUEST POST https://www.googleapis.com/oauth2/v3/token  
 <request body omitted>
[debug] [2022-03-20T16:07:53.202Z] <<< HTTP RESPONSE 200 {"expires":"Mon, 01 Jan 1990 00:00:00 GMT","cache-control":"no-cache, no-store, max-age=0, must-revalidate","date":"Sun, 20 Mar 2022 16:07:53 GMT","pragma":"no-cache","content-type":"application/json; charset=utf-8","vary":"X-Origin, Referer, Origin,Accept-Encoding","server":"scaffolding on HTTPServer2","x-xss-protection":"0","x-frame-options":"SAMEORIGIN","x-content-type-options":"nosniff","alt-svc":"h3=\":443\"; ma=2592000,h3-29=\":443\"; ma=2592000,h3-Q050=\":443\"; ma=2592000,h3-Q046=\":443\"; ma=2592000,h3-Q043=\":443\"; ma=2592000,quic=\":443\"; ma=2592000; v=\"46,43\"","accept-ranges":"none","transfer-encoding":"chunked"}
[debug] [2022-03-20T16:07:53.244Z] >>> [apiv2][query] POST https://firebaserules.googleapis.com/v1/projects/socialmediaapp-758f7:test [none]
[debug] [2022-03-20T16:07:53.244Z] >>> [apiv2][body] POST https://firebaserules.googleapis.com/v1/projects/socialmediaapp-758f7:test [omitted]
[debug] [2022-03-20T16:07:54.124Z] <<< [apiv2][status] POST https://firebaserules.googleapis.com/v1/projects/socialmediaapp-758f7:test 200
[debug] [2022-03-20T16:07:54.124Z] <<< [apiv2][body] POST https://firebaserules.googleapis.com/v1/projects/socialmediaapp-758f7:test {}
[info] ✔  firebase.storage: rules file storage.rules compiled successfully 
[info] i  firestore: reading indexes from firestore.indexes.json... 
[info] i  cloud.firestore: checking firestore.rules for compilation errors... 
[debug] [2022-03-20T16:07:54.134Z] >>> [apiv2][query] POST https://firebaserules.googleapis.com/v1/projects/socialmediaapp-758f7:test [none]
[debug] [2022-03-20T16:07:54.134Z] >>> [apiv2][body] POST https://firebaserules.googleapis.com/v1/projects/socialmediaapp-758f7:test [omitted]
[debug] [2022-03-20T16:07:54.979Z] <<< [apiv2][status] POST https://firebaserules.googleapis.com/v1/projects/socialmediaapp-758f7:test 200
[debug] [2022-03-20T16:07:54.980Z] <<< [apiv2][body] POST https://firebaserules.googleapis.com/v1/projects/socialmediaapp-758f7:test {}
[info] ✔  cloud.firestore: rules file firestore.rules compiled successfully 
[debug] [2022-03-20T16:07:54.983Z] > refreshing access token with scopes: ["email","https://www.googleapis.com/auth/cloud-platform","https://www.googleapis.com/auth/cloudplatformprojects.readonly","https://www.googleapis.com/auth/firebase","openid"]
[debug] [2022-03-20T16:07:54.983Z] >>> HTTP REQUEST POST https://www.googleapis.com/oauth2/v3/token  
 <request body omitted>
[debug] [2022-03-20T16:07:55.084Z] <<< HTTP RESPONSE 200 {"pragma":"no-cache","date":"Sun, 20 Mar 2022 16:07:55 GMT","expires":"Mon, 01 Jan 1990 00:00:00 GMT","cache-control":"no-cache, no-store, max-age=0, must-revalidate","content-type":"application/json; charset=utf-8","vary":"X-Origin, Referer, Origin,Accept-Encoding","server":"scaffolding on HTTPServer2","x-xss-protection":"0","x-frame-options":"SAMEORIGIN","x-content-type-options":"nosniff","alt-svc":"h3=\":443\"; ma=2592000,h3-29=\":443\"; ma=2592000,h3-Q050=\":443\"; ma=2592000,h3-Q046=\":443\"; ma=2592000,h3-Q043=\":443\"; ma=2592000,quic=\":443\"; ma=2592000; v=\"46,43\"","accept-ranges":"none","transfer-encoding":"chunked"}
[debug] [2022-03-20T16:07:55.121Z] >>> HTTP REQUEST POST https://firebasehosting.googleapis.com/v1beta1/sites/socialmediaapp-758f7/versions  
 {"config":{"rewrites":[{"glob":"**","path":"/index.html"}]},"labels":{"deployment-tool":"cli-firebase"}}
[debug] [2022-03-20T16:07:56.553Z] <<< HTTP RESPONSE 200 {"content-type":"application/json; charset=UTF-8","vary":"X-Origin, Referer, Origin,Accept-Encoding","date":"Sun, 20 Mar 2022 16:07:56 GMT","server":"ESF","cache-control":"private","x-xss-protection":"0","x-frame-options":"SAMEORIGIN","x-content-type-options":"nosniff","alt-svc":"h3=\":443\"; ma=2592000,h3-29=\":443\"; ma=2592000,h3-Q050=\":443\"; ma=2592000,h3-Q046=\":443\"; ma=2592000,h3-Q043=\":443\"; ma=2592000,quic=\":443\"; ma=2592000; v=\"46,43\"","accept-ranges":"none","transfer-encoding":"chunked"}
[debug] [2022-03-20T16:07:56.558Z] > refreshing access token with scopes: []
[debug] [2022-03-20T16:07:56.558Z] >>> HTTP REQUEST POST https://www.googleapis.com/oauth2/v3/token  
 <request body omitted>
[debug] [2022-03-20T16:07:56.674Z] <<< HTTP RESPONSE 200 {"cache-control":"no-cache, no-store, max-age=0, must-revalidate","pragma":"no-cache","date":"Sun, 20 Mar 2022 16:07:56 GMT","expires":"Mon, 01 Jan 1990 00:00:00 GMT","content-type":"application/json; charset=utf-8","vary":"X-Origin, Referer, Origin,Accept-Encoding","server":"scaffolding on HTTPServer2","x-xss-protection":"0","x-frame-options":"SAMEORIGIN","x-content-type-options":"nosniff","alt-svc":"h3=\":443\"; ma=2592000,h3-29=\":443\"; ma=2592000,h3-Q050=\":443\"; ma=2592000,h3-Q046=\":443\"; ma=2592000,h3-Q043=\":443\"; ma=2592000,quic=\":443\"; ma=2592000; v=\"46,43\"","accept-ranges":"none","transfer-encoding":"chunked"}
[debug] [2022-03-20T16:07:56.730Z] >>> [apiv2][query] GET https://firebaserules.googleapis.com/v1/projects/socialmediaapp-758f7/releases pageSize=10&pageToken=
[debug] [2022-03-20T16:07:57.685Z] <<< [apiv2][status] GET https://firebaserules.googleapis.com/v1/projects/socialmediaapp-758f7/releases 200
[debug] [2022-03-20T16:07:57.686Z] <<< [apiv2][body] GET https://firebaserules.googleapis.com/v1/projects/socialmediaapp-758f7/releases {"releases":[{"name":"projects/socialmediaapp-758f7/releases/cloud.firestore","rulesetName":"projects/socialmediaapp-758f7/rulesets/48041a1d-d9ee-4513-ae86-52c1e593b8b7","createTime":"2022-02-17T17:00:36.211400Z","updateTime":"2022-03-20T09:25:36.778784Z"},{"name":"projects/socialmediaapp-758f7/releases/firebase.storage/socialmediaapp-758f7.appspot.com","rulesetName":"projects/socialmediaapp-758f7/rulesets/537d1254-87be-46ff-8415-cafdc56f1da3","createTime":"2022-02-18T17:10:20.582608Z","updateTime":"2022-03-20T09:25:36.229589Z"}]}
[debug] [2022-03-20T16:07:57.689Z] >>> [apiv2][query] GET https://firebaserules.googleapis.com/v1/projects/socialmediaapp-758f7/rulesets/537d1254-87be-46ff-8415-cafdc56f1da3 [none]
[debug] [2022-03-20T16:07:58.603Z] <<< [apiv2][status] GET https://firebaserules.googleapis.com/v1/projects/socialmediaapp-758f7/rulesets/537d1254-87be-46ff-8415-cafdc56f1da3 200
[debug] [2022-03-20T16:07:58.603Z] <<< [apiv2][body] GET https://firebaserules.googleapis.com/v1/projects/socialmediaapp-758f7/rulesets/537d1254-87be-46ff-8415-cafdc56f1da3 [omitted]
[info] i  storage: latest version of storage.rules already up to date, skipping upload... 
[debug] [2022-03-20T16:07:58.608Z] > refreshing access token with scopes: ["email","https://www.googleapis.com/auth/cloud-platform","https://www.googleapis.com/auth/cloudplatformprojects.readonly","https://www.googleapis.com/auth/firebase","openid"]
[debug] [2022-03-20T16:07:58.608Z] >>> HTTP REQUEST POST https://www.googleapis.com/oauth2/v3/token  
 <request body omitted>
[debug] [2022-03-20T16:07:58.609Z] >>> [apiv2][query] GET https://firebaserules.googleapis.com/v1/projects/socialmediaapp-758f7/releases pageSize=10&pageToken=
[debug] [2022-03-20T16:07:58.712Z] <<< HTTP RESPONSE 200 {"expires":"Mon, 01 Jan 1990 00:00:00 GMT","pragma":"no-cache","cache-control":"no-cache, no-store, max-age=0, must-revalidate","date":"Sun, 20 Mar 2022 16:07:58 GMT","content-type":"application/json; charset=utf-8","vary":"X-Origin, Referer, Origin,Accept-Encoding","server":"scaffolding on HTTPServer2","x-xss-protection":"0","x-frame-options":"SAMEORIGIN","x-content-type-options":"nosniff","alt-svc":"h3=\":443\"; ma=2592000,h3-29=\":443\"; ma=2592000,h3-Q050=\":443\"; ma=2592000,h3-Q046=\":443\"; ma=2592000,h3-Q043=\":443\"; ma=2592000,quic=\":443\"; ma=2592000; v=\"46,43\"","accept-ranges":"none","transfer-encoding":"chunked"}
[debug] [2022-03-20T16:07:58.759Z] >>> HTTP REQUEST GET https://firestore.googleapis.com/v1/projects/socialmediaapp-758f7/databases/(default)/collectionGroups/-/indexes  
 
[debug] [2022-03-20T16:07:59.110Z] <<< HTTP RESPONSE 200 {"content-type":"application/json; charset=UTF-8","vary":"X-Origin, Referer, Origin,Accept-Encoding","date":"Sun, 20 Mar 2022 16:07:59 GMT","server":"ESF","cache-control":"private","x-xss-protection":"0","x-frame-options":"SAMEORIGIN","x-content-type-options":"nosniff","alt-svc":"h3=\":443\"; ma=2592000,h3-29=\":443\"; ma=2592000,h3-Q050=\":443\"; ma=2592000,h3-Q046=\":443\"; ma=2592000,h3-Q043=\":443\"; ma=2592000,quic=\":443\"; ma=2592000; v=\"46,43\"","accept-ranges":"none","transfer-encoding":"chunked"}
[debug] [2022-03-20T16:07:59.111Z] >>> HTTP REQUEST GET https://firestore.googleapis.com/v1/projects/socialmediaapp-758f7/databases/(default)/collectionGroups/-/fields?filter=indexConfig.usesAncestorConfig=false  
 
[debug] [2022-03-20T16:07:59.407Z] <<< HTTP RESPONSE 200 {"content-type":"application/json; charset=UTF-8","vary":"X-Origin, Referer, Origin,Accept-Encoding","date":"Sun, 20 Mar 2022 16:07:59 GMT","server":"ESF","cache-control":"private","x-xss-protection":"0","x-frame-options":"SAMEORIGIN","x-content-type-options":"nosniff","alt-svc":"h3=\":443\"; ma=2592000,h3-29=\":443\"; ma=2592000,h3-Q050=\":443\"; ma=2592000,h3-Q046=\":443\"; ma=2592000,h3-Q043=\":443\"; ma=2592000,quic=\":443\"; ma=2592000; v=\"46,43\"","accept-ranges":"none","transfer-encoding":"chunked"}
[info] i  firestore: The following indexes are defined in your project but are not present in your firestore indexes file:
	(posts) -- (parentId,ASCENDING) (timestamp,DESCENDING) 
	(notifications) -- (read,ASCENDING) (timestamp,DESCENDING) 
	(posts) -- (comment,ASCENDING) (uid,ASCENDING) (timestamp,DESCENDING) 
	(notifications) -- (uid,ASCENDING) (timestamp,DESCENDING)  
[debug] [2022-03-20T16:07:59.455Z] <<< [apiv2][status] GET https://firebaserules.googleapis.com/v1/projects/socialmediaapp-758f7/releases 200
[debug] [2022-03-20T16:07:59.456Z] <<< [apiv2][body] GET https://firebaserules.googleapis.com/v1/projects/socialmediaapp-758f7/releases {"releases":[{"name":"projects/socialmediaapp-758f7/releases/cloud.firestore","rulesetName":"projects/socialmediaapp-758f7/rulesets/48041a1d-d9ee-4513-ae86-52c1e593b8b7","createTime":"2022-02-17T17:00:36.211400Z","updateTime":"2022-03-20T09:25:36.778784Z"},{"name":"projects/socialmediaapp-758f7/releases/firebase.storage/socialmediaapp-758f7.appspot.com","rulesetName":"projects/socialmediaapp-758f7/rulesets/537d1254-87be-46ff-8415-cafdc56f1da3","createTime":"2022-02-18T17:10:20.582608Z","updateTime":"2022-03-20T09:25:36.229589Z"}]}
[debug] [2022-03-20T16:07:59.457Z] > refreshing access token with scopes: []
[debug] [2022-03-20T16:07:59.457Z] >>> HTTP REQUEST POST https://www.googleapis.com/oauth2/v3/token  
 <request body omitted>
[debug] [2022-03-20T16:07:59.565Z] <<< HTTP RESPONSE 200 {"expires":"Mon, 01 Jan 1990 00:00:00 GMT","pragma":"no-cache","cache-control":"no-cache, no-store, max-age=0, must-revalidate","date":"Sun, 20 Mar 2022 16:07:59 GMT","content-type":"application/json; charset=utf-8","vary":"X-Origin, Referer, Origin,Accept-Encoding","server":"scaffolding on HTTPServer2","x-xss-protection":"0","x-frame-options":"SAMEORIGIN","x-content-type-options":"nosniff","alt-svc":"h3=\":443\"; ma=2592000,h3-29=\":443\"; ma=2592000,h3-Q050=\":443\"; ma=2592000,h3-Q046=\":443\"; ma=2592000,h3-Q043=\":443\"; ma=2592000,quic=\":443\"; ma=2592000; v=\"46,43\"","accept-ranges":"none","transfer-encoding":"chunked"}
[debug] [2022-03-20T16:07:59.641Z] >>> [apiv2][query] GET https://firebaserules.googleapis.com/v1/projects/socialmediaapp-758f7/rulesets/48041a1d-d9ee-4513-ae86-52c1e593b8b7 [none]
[debug] [2022-03-20T16:08:00.485Z] <<< [apiv2][status] GET https://firebaserules.googleapis.com/v1/projects/socialmediaapp-758f7/rulesets/48041a1d-d9ee-4513-ae86-52c1e593b8b7 200
[debug] [2022-03-20T16:08:00.485Z] <<< [apiv2][body] GET https://firebaserules.googleapis.com/v1/projects/socialmediaapp-758f7/rulesets/48041a1d-d9ee-4513-ae86-52c1e593b8b7 [omitted]
[info] i  firestore: latest version of firestore.rules already up to date, skipping upload... 
